<?xml version="1.0" encoding="UTF-8"?>
<!-- Generated by org.testng.reporters.JUnitReportReporter -->
<testsuite skipped="0" hostname="Manasi" name="pages.Homepage" tests="1" failures="0" timestamp="11 Jan 2019 05:59:28 GMT" time="14.712" errors="0">
  <testcase name="Get_BankDetails" time="14.712" classname="pages.Homepage"/>
</testsuite> <!-- pages.Homepage -->
